\BOOKMARK [0][-]{dummy.2}{\376\377\000L\000i\000s\000t\001\003\000\040\000d\000e\000\040\000f\000i\000g\000u\000r\000i}{}% 1
\BOOKMARK [0][-]{dummy.4}{\376\377\000L\000i\000s\000t\001\003\000\040\000d\000e\000\040\000t\000a\000b\000e\000l\000e}{}% 2
\BOOKMARK [0][-]{section*.6}{\376\377\000L\000i\000s\000t\001\003\000\040\000d\000e\000\040\000a\000c\000r\000o\000n\000i\000m\000e}{}% 3
\BOOKMARK [0][-]{chapter*.8}{\376\377\000C\000a\000p\000i\000t\000o\000l\000u\000l\000\040\0001\000\040\000\040\000\040\000I\000N\000T\000R\000O\000D\000U\000C\000E\000R\000E}{}% 4
\BOOKMARK [1][-]{section.9}{\376\377\0001\000.\0001\000\040\000T\000e\000m\000a\000\040\000d\000e\000\040\000p\000r\000o\000i\000e\000c\000t\000a\000r\000e}{chapter*.8}% 5
\BOOKMARK [1][-]{section.10}{\376\377\0001\000.\0002\000\040\000S\000t\000a\000d\000i\000u\000l\000\040\000a\000c\000t\000u\000a\000l\000\040\000a\000l\000\040\000p\000r\000o\000b\000l\000e\000m\000e\000i\000\040\000a\000b\000o\000r\000d\000a\000t\000e}{chapter*.8}% 6
\BOOKMARK [1][-]{section.11}{\376\377\0001\000.\0003\000\040\000S\000c\000o\000p\000u\000l\000\040\001\137\000i\000\040\000o\000b\000i\000e\000c\000t\000i\000v\000e\000l\000e\000\040\000p\000r\000o\000i\000e\000c\000t\000u\000l\000u\000i}{chapter*.8}% 7
\BOOKMARK [1][-]{section.12}{\376\377\0001\000.\0004\000\040\000D\000o\000m\000e\000n\000i\000u\000l\000\040\000d\000e\000\040\000a\000p\000l\000i\000c\000a\000b\000i\000l\000i\000t\000a\000t\000e}{chapter*.8}% 8
\BOOKMARK [1][-]{section.13}{\376\377\0001\000.\0005\000\040\000S\000t\000r\000u\000c\000t\000u\000r\000a\000\040\000p\000e\000\040\000c\000a\000p\000i\000t\000o\000l\000e}{chapter*.8}% 9
\BOOKMARK [0][-]{chapter*.20}{\376\377\000C\000a\000p\000i\000t\000o\000l\000u\000l\000\040\0002\000\040\000\040\000\040\000B\000A\000Z\000A\000\040\000D\000E\000\040\000D\000A\000T\000E}{}% 10
\BOOKMARK [1][-]{section.21}{\376\377\0002\000.\0001\000\040\000A\000l\000e\000g\000e\000r\000e\000a\000\040\000t\000i\000p\000u\000l\000u\000i\000\040\000d\000e\000\040\000b\000a\000z\001\003\000\040\000d\000e\000\040\000d\000a\000t\000e}{chapter*.20}% 11
\BOOKMARK [2][-]{subsection.22}{\376\377\0002\000.\0001\000.\0001\000\040\000F\000a\000c\000t\000o\000r\000i\000\040\000d\000e\000\040\000d\000e\000c\000i\000z\000i\000e}{section.21}% 12
\BOOKMARK [2][-]{subsection.23}{\376\377\0002\000.\0001\000.\0002\000\040\000S\000o\000l\000u\001\143\000i\000i\000\040\000p\000r\000o\000p\000u\000s\000e}{section.21}% 13
\BOOKMARK [2][-]{subsection.25}{\376\377\0002\000.\0001\000.\0003\000\040\000S\000o\000l\000u\002\033\000i\000a\000\040\000a\000l\000e\000a\000s\001\003}{section.21}% 14
\BOOKMARK [1][-]{section.26}{\376\377\0002\000.\0002\000\040\000S\000Q\000L\000i\000t\000e}{chapter*.20}% 15
\BOOKMARK [2][-]{subsection.27}{\376\377\0002\000.\0002\000.\0001\000\040\000N\000u\000\040\000n\000e\000c\000e\000s\000i\000t\001\003\000\040\000s\000e\000r\000v\000e\000r}{section.26}% 16
\BOOKMARK [2][-]{subsection.30}{\376\377\0002\000.\0002\000.\0002\000\040\000I\000n\000d\000e\000p\000e\000n\000d\000e\000n\002\033\000a}{section.26}% 17
\BOOKMARK [2][-]{subsection.31}{\376\377\0002\000.\0002\000.\0003\000\040\000Z\000e\000r\000o\000-\000c\000o\000n\000f\000i\000g\000u\000r\000a\000r\000e}{section.26}% 18
\BOOKMARK [2][-]{subsection.32}{\376\377\0002\000.\0002\000.\0004\000\040\000T\000r\000a\000n\000z\000a\000c\002\033\000i\000o\000n\000a\000l\001\003}{section.26}% 19
\BOOKMARK [2][-]{subsection.33}{\376\377\0002\000.\0002\000.\0005\000\040\000C\000a\000r\000a\000c\000t\000e\000r\000i\000s\000t\000i\000c\000i\000\040\000s\000p\000e\000c\000i\000f\000i\000c\000e\000\040\000a\000l\000e\000\040\000S\000Q\000L\000i\000t\000e}{section.26}% 20
\BOOKMARK [1][-]{section.34}{\376\377\0002\000.\0003\000\040\000S\000t\000r\000u\000c\000t\000u\000r\000a\000\040\000b\000a\000z\000e\000i\000\040\000d\000e\000\040\000d\000a\000t\000e}{chapter*.20}% 21
\BOOKMARK [0][-]{chapter*.36}{\376\377\000C\000a\000p\000i\000t\000o\000l\000u\000l\000\040\0003\000\040\000\040\000\040\000A\000R\000H\000I\000T\000E\000C\000T\000U\000R\000A\000\040\000S\000O\000F\000T\000W\000A\000R\000E}{}% 22
\BOOKMARK [1][-]{section.37}{\376\377\0003\000.\0001\000\040\000L\000i\000m\000b\000a\000j\000u\000l\000\040\000C\000+\000+}{chapter*.36}% 23
\BOOKMARK [2][-]{subsection.38}{\376\377\0003\000.\0001\000.\0001\000\040\000O\000b\000i\000e\000c\000t\000i\000v\000e\000l\000e\000\040\000d\000e\000\040\000p\000r\000o\000i\000e\000c\000t\000a\000r\000e}{section.37}% 24
\BOOKMARK [2][-]{subsection.39}{\376\377\0003\000.\0001\000.\0002\000\040\000F\000u\000n\000c\002\033\000i\000o\000n\000a\000l\000i\000t\000a\000t\000e\000\040\000m\000u\000l\000t\000i\000p\000l\001\003}{section.37}% 25
\BOOKMARK [2][-]{subsection.40}{\376\377\0003\000.\0001\000.\0003\000\040\000A\000v\000a\000n\000t\000a\000j\000e}{section.37}% 26
\BOOKMARK [1][-]{section.41}{\376\377\0003\000.\0002\000\040\000E\000n\000t\000e\000r\000p\000r\000i\000s\000e\000\040\000A\000r\000c\000h\000i\000t\000e\000c\000t}{chapter*.36}% 27
\BOOKMARK [2][-]{subsection.43}{\376\377\0003\000.\0002\000.\0001\000\040\000D\000i\000a\000g\000r\000a\000m\000e\000l\000e\000\040\000U\000M\000L}{section.41}% 28
\BOOKMARK [1][-]{section.45}{\376\377\0003\000.\0003\000\040\000D\000e\000c\000i\000d\000e\000r\000e\000a\000\040\000a\000s\000u\000p\000r\000a\000\040\000c\000o\000m\000p\000o\000r\000t\000a\000m\000e\000n\000t\000u\000l\000u\000i\000\040\000s\000i\000n\000c\000r\000o\000n\000\040\002\031\000i\000\040\000a\000s\000i\000n\000c\000r\000o\000n}{chapter*.36}% 29
\BOOKMARK [2][-]{subsection.46}{\376\377\0003\000.\0003\000.\0001\000\040\000F\000a\000c\000t\000o\000r\000i\000\040\000d\000e\000\040\000d\000e\000c\000i\000z\000i\000e}{section.45}% 30
\BOOKMARK [2][-]{subsection.47}{\376\377\0003\000.\0003\000.\0002\000\040\000S\000o\000l\000u\001\143\000i\000i\000\040\000p\000r\000o\000p\000u\000s\000e}{section.45}% 31
\BOOKMARK [2][-]{subsection.48}{\376\377\0003\000.\0003\000.\0003\000\040\000D\000e\000c\000i\000z\000i\000a}{section.45}% 32
\BOOKMARK [1][-]{section.49}{\376\377\0003\000.\0004\000\040\000S\000t\000r\000u\000c\000t\000u\000r\000a\000\040\000m\000o\000d\000u\000l\000u\000l\000u\000i\000\040\000d\000i\000n\000\040\000p\000u\000n\000c\000t\000u\000l\000\040\000d\000e\000\040\000v\000e\000d\000e\000r\000e\000\040\000a\000l\000\040\000u\000n\000i\000t\001\003\002\033\000i\000l\000o\000r\000\040\000s\000o\000f\000t\000w\000a\000r\000e}{chapter*.36}% 33
\BOOKMARK [2][-]{subsection.51}{\376\377\0003\000.\0004\000.\0001\000\040\000U\000n\000i\000t\000a\000t\000e\000a\000\040\000s\000o\000f\000t\000w\000a\000r\000e\000\040\000P\000N\000a\000v\000D\000L\000L}{section.49}% 34
\BOOKMARK [2][-]{subsection.52}{\376\377\0003\000.\0004\000.\0002\000\040\000U\000n\000i\000t\000a\000t\000e\000a\000\040\000s\000o\000f\000t\000w\000a\000r\000e\000\040\000P\000N\000a\000v\000C\000o\000r\000e\000I\000m\000p\000l}{section.49}% 35
\BOOKMARK [2][-]{subsection.53}{\376\377\0003\000.\0004\000.\0003\000\040\000U\000n\000i\000t\000a\000t\000e\000a\000\040\000s\000o\000f\000t\000w\000a\000r\000e\000\040\000P\000N\000a\000v\000S\000e\000r\000v\000i\000c\000e\000I\000m\000p\000l}{section.49}% 36
\BOOKMARK [2][-]{subsection.54}{\376\377\0003\000.\0004\000.\0004\000\040\000U\000n\000i\000t\000a\000t\000e\000a\000\040\000s\000o\000f\000t\000w\000a\000r\000e\000\040\000P\000N\000a\000v\000I\000m\000p\000l}{section.49}% 37
\BOOKMARK [2][-]{subsection.55}{\376\377\0003\000.\0004\000.\0005\000\040\000U\000n\000i\000t\000a\000t\000e\000a\000\040\000s\000o\000f\000t\000w\000a\000r\000e\000\040\000P\000N\000a\000v\000R\000e\000c\000o\000r\000d\000e\000r}{section.49}% 38
\BOOKMARK [2][-]{subsection.56}{\376\377\0003\000.\0004\000.\0006\000\040\000U\000n\000i\000t\000a\000t\000e\000a\000\040\000s\000o\000f\000t\000w\000a\000r\000e\000\040\000P\000N\000a\000v\000P\000r\000e\000d\000i\000c\000t\000o\000r}{section.49}% 39
\BOOKMARK [2][-]{subsection.57}{\376\377\0003\000.\0004\000.\0007\000\040\000U\000n\000i\000t\000a\000t\000e\000a\000\040\000s\000o\000f\000t\000w\000a\000r\000e\000\040\000P\000N\000a\000v\000C\000o\000n\000f\000i\000g\000u\000r\000a\000t\000i\000o\000n}{section.49}% 40
\BOOKMARK [2][-]{subsection.58}{\376\377\0003\000.\0004\000.\0008\000\040\000U\000n\000i\000t\000a\000t\000e\000a\000\040\000s\000o\000f\000t\000w\000a\000r\000e\000\040\000P\000N\000a\000v\000C\000r\000i\000t\000e\000r\000i\000a}{section.49}% 41
\BOOKMARK [2][-]{subsection.59}{\376\377\0003\000.\0004\000.\0009\000\040\000U\000n\000i\000t\000a\000t\000e\000a\000\040\000s\000o\000f\000t\000w\000a\000r\000e\000\040\000P\000N\000a\000v\000D\000a\000t\000a\000M\000a\000n\000a\000g\000e\000r}{section.49}% 42
\BOOKMARK [2][-]{subsection.60}{\376\377\0003\000.\0004\000.\0001\0000\000\040\000U\000n\000i\000t\000a\000t\000e\000a\000\040\000s\000o\000f\000t\000w\000a\000r\000e\000\040\000P\000N\000a\000v\000D\000a\000t\000a\000S\000t\000o\000r\000a\000g\000e}{section.49}% 43
\BOOKMARK [0][-]{chapter*.61}{\376\377\000C\000a\000p\000i\000t\000o\000l\000u\000l\000\040\0004\000\040\000\040\000\040\000D\000E\000S\000C\000R\000I\000E\000R\000E\000A\000\040\000A\000L\000G\000O\000R\000I\000T\000M\000I\000L\000O\000R}{}% 44
\BOOKMARK [1][-]{section.62}{\376\377\0004\000.\0001\000\040\000\316\000n\000v\001\003\001\143\000a\000r\000e\000a\000\040\000r\000u\000t\000e\000l\000o\000r}{chapter*.61}% 45
\BOOKMARK [2][-]{subsection.63}{\376\377\0004\000.\0001\000.\0001\000\040\000R\000e\000d\000u\000c\000e\000r\000e\000a\000\040\000w\000a\000y\000p\000o\000i\000n\000t\000-\000u\000r\000i\000l\000o\000r}{section.62}% 46
\BOOKMARK [2][-]{subsection.66}{\376\377\0004\000.\0001\000.\0002\000\040\000V\000e\000r\000i\000f\000i\000c\000a\000r\000e\000a\000\040\000r\000u\000t\000e\000l\000o\000r\000\040\000d\000u\000b\000l\000e}{section.62}% 47
\BOOKMARK [2][-]{subsection.74}{\376\377\0004\000.\0001\000.\0003\000\040\000F\000i\000l\000t\000r\000a\000r\000e\000a\000\040\000r\000u\000t\000e\000l\000o\000r\000\040\000i\000n\000u\000t\000i\000l\000e}{section.62}% 48
\BOOKMARK [1][-]{section.75}{\376\377\0004\000.\0002\000\040\000F\000u\000r\000n\000i\000z\000a\000r\000e\000a\000\040\000p\000r\000e\000d\000i\000c\001\143\000i\000i\000l\000o\000r}{chapter*.61}% 49
\BOOKMARK [2][-]{subsection.77}{\376\377\0004\000.\0002\000.\0001\000\040\000F\000i\000l\000t\000r\000a\000r\000e\000a\000\040\000d\000a\000t\000e\000l\000o\000r}{section.75}% 50
\BOOKMARK [2][-]{subsection.81}{\376\377\0004\000.\0002\000.\0002\000\040\000F\000r\000e\000c\000v\000e\000n\001\143\000a\000\040\000p\000r\000e\000d\000i\000c\001\143\000i\000e\000i\000\040\000d\000e\000\040\000r\000u\000t\000e}{section.75}% 51
\BOOKMARK [2][-]{subsection.82}{\376\377\0004\000.\0002\000.\0003\000\040\000N\000u\000m\001\003\000r\000u\000l\000\040\000m\000a\000x\000i\000m\000\040\000d\000e\000\040\000p\000r\000e\000d\000i\000c\001\143\000i\000i}{section.75}% 52
\BOOKMARK [2][-]{subsection.83}{\376\377\0004\000.\0002\000.\0004\000\040\000P\000r\000i\000o\000r\000i\000t\000i\000z\000a\000r\000e\000a\000\040\000p\000r\000e\000d\000i\000c\001\143\000i\000i\000l\000o\000r}{section.75}% 53
\BOOKMARK [2][-]{subsection.91}{\376\377\0004\000.\0002\000.\0005\000\040\000P\000r\000e\000d\000i\000c\001\143\000i\000i\000\040\000b\000a\000z\000a\000t\000e\000\040\000p\000e\000\040\000f\000i\000l\000t\000r\000a\000r\000e\000a\000\040\000r\000u\000t\000e\000i\000\040\000\356\000n\000\040\000f\000u\000n\000c\001\143\000i\000e\000\040\000d\000e\000\040\000d\000i\000s\000t\000a\000n\001\143\000a\000\040\000d\000e\000\040\000l\000a\000\040\000p\000o\000z\000i\001\143\000i\000a\000\040\000c\000u\000r\000e\000n\000t\001\003\000\040\000l\000a\000\040\000w\000a\000y\000p\000o\000i\000n\000t\000-\000u\000r\000i\000l\000e\000\040\000r\000u\000t\000e\000l\000o\000r}{section.75}% 54
\BOOKMARK [2][-]{subsection.93}{\376\377\0004\000.\0002\000.\0006\000\040\000P\000r\000e\000d\000i\000c\001\143\000i\000i\000\040\000b\000a\000z\000a\000t\000e\000\040\000p\000e\000\040\000f\000i\000l\000t\000r\000a\000r\000e\000a\000\040\000r\000u\000t\000e\000i\000\040\000\356\000n\000\040\000f\000u\000n\000c\001\143\000i\000e\000\040\000d\000e\000\040\000d\000i\000s\000t\000a\000n\001\143\000a\000\040\000d\000e\000\040\000l\000a\000\040\000p\000o\000z\000i\001\143\000i\000a\000\040\000c\000u\000r\000e\000n\000t\001\003\000\040\000l\000a\000\040\000p\000u\000n\000c\000t\000e\000l\000e\000\040\000d\000e\000\040\000s\000t\000a\000r\000t\000\040\000a\000l\000e\000\040\000r\000u\000t\000e\000l\000o\000r}{section.75}% 55
\BOOKMARK [2][-]{subsection.95}{\376\377\0004\000.\0002\000.\0007\000\040\000P\000r\000e\000d\000i\000c\001\143\000i\000i\000\040\000b\000a\000z\000a\000t\000e\000\040\000p\000e\000\040\000f\000i\000l\000t\000r\000a\000r\000e\000a\000\040\000r\000u\000t\000e\000i\000\040\000\356\000n\000\040\000f\000u\000n\000c\001\143\000i\000e\000\040\000d\000e\000\040\000t\000i\000m\000p\000u\000l\000\040\000s\000c\000u\000r\000s\000\040\000p\000\342\000n\001\003\000\040\000l\000a\000\040\000a\000j\000u\000n\000g\000e\000r\000e\000a\000\040\000l\000a\000\040\000d\000e\000s\000t\000i\000n\000a\001\143\000i\000e}{section.75}% 56
\BOOKMARK [1][-]{section.96}{\376\377\0004\000.\0003\000\040\000E\000l\000i\000b\000e\000r\000a\000r\000e\000a\000\040\000d\000e\000\040\000s\000p\000a\001\143\000i\000u}{chapter*.61}% 57
\BOOKMARK [0][-]{chapter*.98}{\376\377\000C\000a\000p\000i\000t\000o\000l\000u\000l\000\040\0005\000\040\000\040\000\040\000M\000A\000N\000A\000G\000E\000M\000E\000N\000T\000U\000L\000\040\000E\000R\000O\000R\000I\000L\000O\000R}{}% 58
\BOOKMARK [1][-]{section.99}{\376\377\0005\000.\0001\000\040\000T\000i\000p\000u\000r\000i\000\040\000d\000e\000\040\000e\000r\000o\000r\000i}{chapter*.98}% 59
\BOOKMARK [1][-]{section.100}{\376\377\0005\000.\0002\000\040\000D\000e\000t\000e\000c\000t\000a\000r\000e\000a\000\040\000e\000r\000o\000r\000i\000l\000o\000r}{chapter*.98}% 60
\BOOKMARK [2][-]{subsection.101}{\376\377\0005\000.\0002\000.\0001\000\040\000E\000r\000o\000r\000i\000\040\000d\000e\000\040\000s\000e\000c\000v\000e\000n\001\143\001\003}{section.100}% 61
\BOOKMARK [2][-]{subsection.102}{\376\377\0005\000.\0002\000.\0002\000\040\000E\000r\000o\000r\000i\000\040\000l\000a\000\040\000a\000c\000c\000e\000s\000a\000r\000e\000a\000\040\000b\000a\000z\000e\000i\000\040\000d\000e\000\040\000d\000a\000t\000e}{section.100}% 62
\BOOKMARK [2][-]{subsection.103}{\376\377\0005\000.\0002\000.\0003\000\040\000B\000a\000z\001\003\000\040\000d\000e\000\040\000d\000a\000t\000e\000\040\000c\000o\000r\000u\000p\000t\001\003}{section.100}% 63
\BOOKMARK [1][-]{section.105}{\376\377\0005\000.\0003\000\040\000T\000r\000a\000t\000a\000r\000e\000a\000\040\000e\000r\000o\000r\000i\000l\000o\000r}{chapter*.98}% 64
\BOOKMARK [0][-]{chapter*.106}{\376\377\000C\000a\000p\000i\000t\000o\000l\000u\000l\000\040\0006\000\040\000\040\000\040\000C\000O\000N\000C\000L\000U\000Z\000I\000I}{}% 65
\BOOKMARK [1][-]{section.107}{\376\377\0006\000.\0001\000\040\000C\000o\000n\000c\000l\000u\000z\000i\000i\000\040\000g\000e\000n\000e\000r\000a\000l\000e}{chapter*.106}% 66
\BOOKMARK [1][-]{section.108}{\376\377\0006\000.\0002\000\040\000P\000o\000s\000i\000b\000i\000l\000i\000t\001\003\002\033\000i\000\040\000d\000e\000\040\000d\000e\000z\000v\000o\000l\000t\000a\000r\000e\000\040\000u\000l\000t\000e\000r\000i\000o\000a\000r\001\003}{chapter*.106}% 67
